<?xml version="1.0" encoding="UTF-8"?>
<!-- Generated by org.testng.reporters.JUnitReportReporter -->
<testsuite hostname="LAPTOP-L93KPPSA" failures="0" tests="1" name="com.sample.testScripts.TestScript1" time="0.015" errors="0" timestamp="2024-07-26T15:24:04 IST" skipped="0">
  <testcase classname="com.sample.testScripts.TestScript1" name="executeScript" time="0.015">
    <system-out>
      <![CDATA[learning maven ]]>
    </system-out>
  </testcase> <!-- executeScript -->
  <system-out>
    <![CDATA[learning maven ]]>
  </system-out>
</testsuite> <!-- com.sample.testScripts.TestScript1 -->
