<?xml version="1.0" encoding="UTF-8"?>
<!-- Generated by org.testng.reporters.JUnitReportReporter -->
<testsuite hostname="LAPTOP-L93KPPSA" failures="0" tests="1" name="com.sample.testScripts.Naukari_Test" time="10.943" errors="0" timestamp="2024-07-26T15:49:24 IST" skipped="0">
  <testcase classname="com.sample.testScripts.Naukari_Test" name="executeScript1" time="10.943"/>
</testsuite> <!-- com.sample.testScripts.Naukari_Test -->
